ARM GAS  C:\Users\jisu8\AppData\Local\Temp\cco9xKpj.s 			page 1


   1              		.cpu cortex-m0
   2              		.arch armv6s-m
   3              		.fpu softvfp
   4              		.eabi_attribute 20, 1
   5              		.eabi_attribute 21, 1
   6              		.eabi_attribute 23, 3
   7              		.eabi_attribute 24, 1
   8              		.eabi_attribute 25, 1
   9              		.eabi_attribute 26, 1
  10              		.eabi_attribute 30, 1
  11              		.eabi_attribute 34, 0
  12              		.eabi_attribute 18, 4
  13              		.file	"os.c"
  14              		.text
  15              	.Ltext0:
  16              		.cfi_sections	.debug_frame
  17              		.section	.text.Os_1ms_Task,"ax",%progbits
  18              		.align	1
  19              		.syntax unified
  20              		.code	16
  21              		.thumb_func
  23              	Os_1ms_Task:
  24              	.LFB41:
  25              		.file 1 "Core/Src/os.c"
   1:Core/Src/os.c **** #include "os.h"
   2:Core/Src/os.c **** 
   3:Core/Src/os.c **** Os_Var_t Os_Var;
   4:Core/Src/os.c **** 
   5:Core/Src/os.c **** static void Os_Calc_Period(uint8 idx);
   6:Core/Src/os.c **** static void Os_Calc_Runtime_Start(uint8 idx);
   7:Core/Src/os.c **** static void Os_Calc_Runtime_Stop(uint8 idx);
   8:Core/Src/os.c **** static void Os_1ms_Task(void);
   9:Core/Src/os.c **** static void Os_10ms_Task(void);
  10:Core/Src/os.c **** static void Os_100ms_Task(void);
  11:Core/Src/os.c **** static void Os_Background_Task(void);
  12:Core/Src/os.c **** 
  13:Core/Src/os.c **** void Os_Init_Task(void)
  14:Core/Src/os.c **** {
  15:Core/Src/os.c **** 
  16:Core/Src/os.c **** }
  17:Core/Src/os.c **** static void Os_1ms_Task(void)
  18:Core/Src/os.c **** {
  26              		.loc 1 18 1 view -0
  27              		.cfi_startproc
  28              		@ args = 0, pretend = 0, frame = 0
  29              		@ frame_needed = 0, uses_anonymous_args = 0
  30              		@ link register save eliminated.
  19:Core/Src/os.c **** 
  20:Core/Src/os.c **** }
  31              		.loc 1 20 1 view .LVU1
  32              		@ sp needed
  33 0000 7047     		bx	lr
  34              		.cfi_endproc
  35              	.LFE41:
  37              		.section	.text.Os_10ms_Task,"ax",%progbits
  38              		.align	1
  39              		.syntax unified
ARM GAS  C:\Users\jisu8\AppData\Local\Temp\cco9xKpj.s 			page 2


  40              		.code	16
  41              		.thumb_func
  43              	Os_10ms_Task:
  44              	.LFB42:
  21:Core/Src/os.c **** 
  22:Core/Src/os.c **** static void Os_10ms_Task(void)
  23:Core/Src/os.c **** {
  45              		.loc 1 23 1 view -0
  46              		.cfi_startproc
  47              		@ args = 0, pretend = 0, frame = 0
  48              		@ frame_needed = 0, uses_anonymous_args = 0
  49              		@ link register save eliminated.
  24:Core/Src/os.c **** 
  25:Core/Src/os.c **** }
  50              		.loc 1 25 1 view .LVU3
  51              		@ sp needed
  52 0000 7047     		bx	lr
  53              		.cfi_endproc
  54              	.LFE42:
  56              		.section	.text.Os_100ms_Task,"ax",%progbits
  57              		.align	1
  58              		.syntax unified
  59              		.code	16
  60              		.thumb_func
  62              	Os_100ms_Task:
  63              	.LFB43:
  26:Core/Src/os.c **** 
  27:Core/Src/os.c **** static void Os_100ms_Task(void)
  28:Core/Src/os.c **** {
  64              		.loc 1 28 1 view -0
  65              		.cfi_startproc
  66              		@ args = 0, pretend = 0, frame = 0
  67              		@ frame_needed = 0, uses_anonymous_args = 0
  68              		@ link register save eliminated.
  29:Core/Src/os.c **** 
  30:Core/Src/os.c **** }
  69              		.loc 1 30 1 view .LVU5
  70              		@ sp needed
  71 0000 7047     		bx	lr
  72              		.cfi_endproc
  73              	.LFE43:
  75              		.section	.text.Os_Init_Task,"ax",%progbits
  76              		.align	1
  77              		.global	Os_Init_Task
  78              		.syntax unified
  79              		.code	16
  80              		.thumb_func
  82              	Os_Init_Task:
  83              	.LFB40:
  14:Core/Src/os.c **** 
  84              		.loc 1 14 1 view -0
  85              		.cfi_startproc
  86              		@ args = 0, pretend = 0, frame = 0
  87              		@ frame_needed = 0, uses_anonymous_args = 0
  88              		@ link register save eliminated.
  16:Core/Src/os.c **** static void Os_1ms_Task(void)
  89              		.loc 1 16 1 view .LVU7
ARM GAS  C:\Users\jisu8\AppData\Local\Temp\cco9xKpj.s 			page 3


  90              		@ sp needed
  91 0000 7047     		bx	lr
  92              		.cfi_endproc
  93              	.LFE40:
  95              		.section	.text.Os_Time_Handler,"ax",%progbits
  96              		.align	1
  97              		.global	Os_Time_Handler
  98              		.syntax unified
  99              		.code	16
 100              		.thumb_func
 102              	Os_Time_Handler:
 103              	.LFB45:
  31:Core/Src/os.c **** 
  32:Core/Src/os.c **** static void Os_Background_Task(void)
  33:Core/Src/os.c **** {
  34:Core/Src/os.c **** 
  35:Core/Src/os.c **** }
  36:Core/Src/os.c **** 
  37:Core/Src/os.c **** void Os_Time_Handler(void)
  38:Core/Src/os.c **** {
 104              		.loc 1 38 1 view -0
 105              		.cfi_startproc
 106              		@ args = 0, pretend = 0, frame = 0
 107              		@ frame_needed = 0, uses_anonymous_args = 0
 108              		@ link register save eliminated.
  39:Core/Src/os.c **** 	Os_Var.Os_Counter.Os_100us_Counter++;
 109              		.loc 1 39 2 view .LVU9
 110              		.loc 1 39 19 is_stmt 0 view .LVU10
 111 0000 024A     		ldr	r2, .L6
 112              		.loc 1 39 36 view .LVU11
 113 0002 1368     		ldr	r3, [r2]
 114 0004 0133     		adds	r3, r3, #1
 115 0006 1360     		str	r3, [r2]
  40:Core/Src/os.c **** }
 116              		.loc 1 40 1 view .LVU12
 117              		@ sp needed
 118 0008 7047     		bx	lr
 119              	.L7:
 120 000a C046     		.align	2
 121              	.L6:
 122 000c 00000000 		.word	.LANCHOR0
 123              		.cfi_endproc
 124              	.LFE45:
 126              		.section	.text.Os_Get_Tick_100us,"ax",%progbits
 127              		.align	1
 128              		.global	Os_Get_Tick_100us
 129              		.syntax unified
 130              		.code	16
 131              		.thumb_func
 133              	Os_Get_Tick_100us:
 134              	.LFB49:
  41:Core/Src/os.c **** 
  42:Core/Src/os.c **** void Os_Handler(void)
  43:Core/Src/os.c **** {
  44:Core/Src/os.c **** 	void(*fp)(void);
  45:Core/Src/os.c ****     if(Os_Var.Os_Task_Flag.Os_100ms_Flag == 1)
  46:Core/Src/os.c **** 	{
ARM GAS  C:\Users\jisu8\AppData\Local\Temp\cco9xKpj.s 			page 4


  47:Core/Src/os.c **** 		fp = Os_100ms_Task;
  48:Core/Src/os.c **** 		Os_Var.Os_Task_Add.Os_100ms_Address = fp;
  49:Core/Src/os.c **** 		Os_Var.Os_Task_Flag.Os_100ms_Flag = 0;
  50:Core/Src/os.c **** 		Os_Calc_Runtime_Start(OS_TASK_INDEX_100MS);
  51:Core/Src/os.c **** 		(void)Os_100ms_Task();
  52:Core/Src/os.c **** 		Os_Calc_Runtime_Stop(OS_TASK_INDEX_100MS);
  53:Core/Src/os.c **** 		Os_Calc_Period(OS_TASK_INDEX_100MS);
  54:Core/Src/os.c **** 	}
  55:Core/Src/os.c **** 	else
  56:Core/Src/os.c **** 	{
  57:Core/Src/os.c **** 		Os_Calc_Runtime_Start(OS_TASK_INDEX_BG);
  58:Core/Src/os.c **** 		(void)Os_Background_Task();
  59:Core/Src/os.c **** 		Os_Calc_Runtime_Stop(OS_TASK_INDEX_BG);
  60:Core/Src/os.c **** 		Os_Calc_Period(OS_TASK_INDEX_BG);
  61:Core/Src/os.c **** 	}
  62:Core/Src/os.c **** 
  63:Core/Src/os.c ****     return;
  64:Core/Src/os.c **** }
  65:Core/Src/os.c **** 
  66:Core/Src/os.c **** void Os_Handler_1ms(void)
  67:Core/Src/os.c **** {
  68:Core/Src/os.c **** 	if(Os_Var.Os_Counter.Os_1ms_Counter % 1 == 0)
  69:Core/Src/os.c **** 	{
  70:Core/Src/os.c **** 		Os_Var.Os_Counter.Os_1ms_Counter++;
  71:Core/Src/os.c **** 		Os_Var.Os_Task_Flag.Os_1ms_Flag = 1;
  72:Core/Src/os.c **** 	}
  73:Core/Src/os.c **** 
  74:Core/Src/os.c **** 	if(Os_Var.Os_Counter.Os_1ms_Counter % 100 == 0)
  75:Core/Src/os.c **** 	{
  76:Core/Src/os.c **** 		Os_Var.Os_Counter.Os_100ms_Counter++;
  77:Core/Src/os.c **** 		Os_Var.Os_Task_Flag.Os_100ms_Flag = 1;
  78:Core/Src/os.c **** 	}
  79:Core/Src/os.c **** 	void(*fp)(void);
  80:Core/Src/os.c **** 	if(Os_Var.Os_Task_Flag.Os_1ms_Flag == 1)
  81:Core/Src/os.c **** 	{
  82:Core/Src/os.c **** 		fp = Os_1ms_Task;
  83:Core/Src/os.c **** 		Os_Var.Os_Task_Add.Os_1ms_Address = fp;
  84:Core/Src/os.c **** 		Os_Var.Os_Task_Flag.Os_1ms_Flag = 0;
  85:Core/Src/os.c **** 		Os_Calc_Runtime_Start(OS_TASK_INDEX_1MS);
  86:Core/Src/os.c **** 		(void)Os_1ms_Task();
  87:Core/Src/os.c **** 		Os_Calc_Runtime_Stop(OS_TASK_INDEX_1MS);
  88:Core/Src/os.c **** 		Os_Calc_Period(OS_TASK_INDEX_1MS);
  89:Core/Src/os.c **** 	}
  90:Core/Src/os.c **** }
  91:Core/Src/os.c **** 
  92:Core/Src/os.c **** void Os_Handler_10ms(void)
  93:Core/Src/os.c **** {
  94:Core/Src/os.c **** 	Os_Var.Os_Counter.Os_10ms_Counter++;
  95:Core/Src/os.c **** 	Os_Var.Os_Task_Flag.Os_10ms_Flag = 1;
  96:Core/Src/os.c **** 	void(*fp)(void);
  97:Core/Src/os.c **** 	if(Os_Var.Os_Task_Flag.Os_10ms_Flag == 1)
  98:Core/Src/os.c **** 	{
  99:Core/Src/os.c **** 		fp = Os_10ms_Task;
 100:Core/Src/os.c **** 		Os_Var.Os_Task_Add.Os_10ms_Address = fp;
 101:Core/Src/os.c **** 		Os_Var.Os_Task_Flag.Os_10ms_Flag = 0;
 102:Core/Src/os.c **** 		Os_Calc_Runtime_Start(OS_TASK_INDEX_10MS);
 103:Core/Src/os.c **** 		(void)Os_10ms_Task();
ARM GAS  C:\Users\jisu8\AppData\Local\Temp\cco9xKpj.s 			page 5


 104:Core/Src/os.c **** 		Os_Calc_Runtime_Stop(OS_TASK_INDEX_10MS);
 105:Core/Src/os.c **** 		Os_Calc_Period(OS_TASK_INDEX_10MS);
 106:Core/Src/os.c **** 	}
 107:Core/Src/os.c **** }
 108:Core/Src/os.c **** 
 109:Core/Src/os.c **** uint32 Os_Get_Tick_100us(void)
 110:Core/Src/os.c **** {
 135              		.loc 1 110 1 is_stmt 1 view -0
 136              		.cfi_startproc
 137              		@ args = 0, pretend = 0, frame = 0
 138              		@ frame_needed = 0, uses_anonymous_args = 0
 139              		@ link register save eliminated.
 111:Core/Src/os.c **** 	return Os_Var.Os_Counter.Os_100us_Counter;
 140              		.loc 1 111 2 view .LVU14
 141              		.loc 1 111 26 is_stmt 0 view .LVU15
 142 0000 014B     		ldr	r3, .L9
 143 0002 1868     		ldr	r0, [r3]
 112:Core/Src/os.c **** }
 144              		.loc 1 112 1 view .LVU16
 145              		@ sp needed
 146 0004 7047     		bx	lr
 147              	.L10:
 148 0006 C046     		.align	2
 149              	.L9:
 150 0008 00000000 		.word	.LANCHOR0
 151              		.cfi_endproc
 152              	.LFE49:
 154              		.section	.text.Os_Calc_Runtime_Start,"ax",%progbits
 155              		.align	1
 156              		.syntax unified
 157              		.code	16
 158              		.thumb_func
 160              	Os_Calc_Runtime_Start:
 161              	.LVL0:
 162              	.LFB51:
 113:Core/Src/os.c **** 
 114:Core/Src/os.c **** static void Os_Calc_Period(uint8 idx)
 115:Core/Src/os.c **** {
 116:Core/Src/os.c **** 	uint32 OS_TimeLoc=0;
 117:Core/Src/os.c **** 	uint32 OS_TimeOldLoc=0;
 118:Core/Src/os.c **** 	uint32 Os_TimeDiffLoc=0;
 119:Core/Src/os.c **** 
 120:Core/Src/os.c **** 	OS_TimeLoc = Os_Get_Tick_100us();
 121:Core/Src/os.c **** 
 122:Core/Src/os.c **** 	switch(idx)
 123:Core/Src/os.c **** 	{
 124:Core/Src/os.c **** 		case OS_TASK_INDEX_1MS : 
 125:Core/Src/os.c **** 			OS_TimeOldLoc = Os_Var.Os_Tick_Period.Os_1ms_Tick_Period;
 126:Core/Src/os.c **** 		break;
 127:Core/Src/os.c **** 		case OS_TASK_INDEX_10MS : 
 128:Core/Src/os.c **** 			OS_TimeOldLoc = Os_Var.Os_Tick_Period.Os_10ms_Tick_Period;
 129:Core/Src/os.c **** 		break;
 130:Core/Src/os.c **** 		case OS_TASK_INDEX_100MS : 
 131:Core/Src/os.c **** 			OS_TimeOldLoc = Os_Var.Os_Tick_Period.Os_100ms_Tick_Period;
 132:Core/Src/os.c **** 		break;
 133:Core/Src/os.c **** 	}
 134:Core/Src/os.c **** 
ARM GAS  C:\Users\jisu8\AppData\Local\Temp\cco9xKpj.s 			page 6


 135:Core/Src/os.c **** 	Os_TimeDiffLoc = OS_TimeLoc - OS_TimeOldLoc;
 136:Core/Src/os.c **** 	OS_TimeOldLoc = OS_TimeLoc;
 137:Core/Src/os.c **** 	
 138:Core/Src/os.c **** 	switch(idx)
 139:Core/Src/os.c **** 	{
 140:Core/Src/os.c **** 		case OS_TASK_INDEX_1MS : 
 141:Core/Src/os.c **** 			Os_Var.Os_Period.Os_1ms_Period = Os_TimeDiffLoc;
 142:Core/Src/os.c **** 			Os_Var.Os_Tick_Period.Os_1ms_Tick_Period = OS_TimeOldLoc;
 143:Core/Src/os.c **** 		break;
 144:Core/Src/os.c **** 		case OS_TASK_INDEX_10MS : 
 145:Core/Src/os.c **** 			Os_Var.Os_Period.Os_10ms_Period = Os_TimeDiffLoc;
 146:Core/Src/os.c **** 			Os_Var.Os_Tick_Period.Os_10ms_Tick_Period = OS_TimeOldLoc;
 147:Core/Src/os.c **** 		break;
 148:Core/Src/os.c **** 		case OS_TASK_INDEX_100MS : 
 149:Core/Src/os.c **** 			Os_Var.Os_Period.Os_100ms_Period = Os_TimeDiffLoc;
 150:Core/Src/os.c **** 			Os_Var.Os_Tick_Period.Os_100ms_Tick_Period = OS_TimeOldLoc;
 151:Core/Src/os.c **** 		break;
 152:Core/Src/os.c **** 	}
 153:Core/Src/os.c **** 	
 154:Core/Src/os.c **** 	return;
 155:Core/Src/os.c **** }
 156:Core/Src/os.c **** 
 157:Core/Src/os.c **** static void Os_Calc_Runtime_Start(uint8 idx)
 158:Core/Src/os.c **** {
 163              		.loc 1 158 1 is_stmt 1 view -0
 164              		.cfi_startproc
 165              		@ args = 0, pretend = 0, frame = 0
 166              		@ frame_needed = 0, uses_anonymous_args = 0
 167              		.loc 1 158 1 is_stmt 0 view .LVU18
 168 0000 10B5     		push	{r4, lr}
 169              	.LCFI0:
 170              		.cfi_def_cfa_offset 8
 171              		.cfi_offset 4, -8
 172              		.cfi_offset 14, -4
 173 0002 0400     		movs	r4, r0
 159:Core/Src/os.c **** 	uint32 OS_TimeLoc=0;
 174              		.loc 1 159 2 is_stmt 1 view .LVU19
 175              	.LVL1:
 160:Core/Src/os.c **** 
 161:Core/Src/os.c **** 	OS_TimeLoc = Os_Get_Tick_100us();
 176              		.loc 1 161 2 view .LVU20
 177              		.loc 1 161 15 is_stmt 0 view .LVU21
 178 0004 FFF7FEFF 		bl	Os_Get_Tick_100us
 179              	.LVL2:
 162:Core/Src/os.c **** 
 163:Core/Src/os.c **** 	switch(idx)
 180              		.loc 1 163 2 is_stmt 1 view .LVU22
 181 0008 022C     		cmp	r4, #2
 182 000a 07D0     		beq	.L12
 183 000c 032C     		cmp	r4, #3
 184 000e 08D0     		beq	.L13
 185 0010 012C     		cmp	r4, #1
 186 0012 00D0     		beq	.L15
 187              	.L11:
 164:Core/Src/os.c **** 	{
 165:Core/Src/os.c **** 		case OS_TASK_INDEX_1MS : 
 166:Core/Src/os.c **** 			Os_Var.Os_Tick_Runtime.Os_1ms_Tick_Runtime_Start = OS_TimeLoc;
ARM GAS  C:\Users\jisu8\AppData\Local\Temp\cco9xKpj.s 			page 7


 167:Core/Src/os.c **** 		break;
 168:Core/Src/os.c **** 		case OS_TASK_INDEX_10MS : 
 169:Core/Src/os.c **** 			Os_Var.Os_Tick_Runtime.Os_10ms_Tick_Runtime_Start = OS_TimeLoc;
 170:Core/Src/os.c **** 		break;
 171:Core/Src/os.c **** 		case OS_TASK_INDEX_100MS : 
 172:Core/Src/os.c **** 			Os_Var.Os_Tick_Runtime.Os_100ms_Tick_Runtime_Start = OS_TimeLoc;
 173:Core/Src/os.c **** 		break;
 174:Core/Src/os.c **** 	}
 175:Core/Src/os.c **** 
 176:Core/Src/os.c **** 	return;
 177:Core/Src/os.c **** }
 188              		.loc 1 177 1 is_stmt 0 view .LVU23
 189              		@ sp needed
 190 0014 10BD     		pop	{r4, pc}
 191              	.L15:
 166:Core/Src/os.c **** 		break;
 192              		.loc 1 166 4 is_stmt 1 view .LVU24
 166:Core/Src/os.c **** 		break;
 193              		.loc 1 166 53 is_stmt 0 view .LVU25
 194 0016 044B     		ldr	r3, .L16
 195 0018 1861     		str	r0, [r3, #16]
 167:Core/Src/os.c **** 		case OS_TASK_INDEX_10MS : 
 196              		.loc 1 167 3 is_stmt 1 view .LVU26
 197 001a FBE7     		b	.L11
 198              	.L12:
 169:Core/Src/os.c **** 		break;
 199              		.loc 1 169 4 view .LVU27
 169:Core/Src/os.c **** 		break;
 200              		.loc 1 169 54 is_stmt 0 view .LVU28
 201 001c 024B     		ldr	r3, .L16
 202 001e 9861     		str	r0, [r3, #24]
 170:Core/Src/os.c **** 		case OS_TASK_INDEX_100MS : 
 203              		.loc 1 170 3 is_stmt 1 view .LVU29
 204 0020 F8E7     		b	.L11
 205              	.L13:
 172:Core/Src/os.c **** 		break;
 206              		.loc 1 172 4 view .LVU30
 172:Core/Src/os.c **** 		break;
 207              		.loc 1 172 55 is_stmt 0 view .LVU31
 208 0022 014B     		ldr	r3, .L16
 209 0024 1862     		str	r0, [r3, #32]
 173:Core/Src/os.c **** 	}
 210              		.loc 1 173 3 is_stmt 1 view .LVU32
 176:Core/Src/os.c **** }
 211              		.loc 1 176 2 view .LVU33
 212 0026 F5E7     		b	.L11
 213              	.L17:
 214              		.align	2
 215              	.L16:
 216 0028 00000000 		.word	.LANCHOR0
 217              		.cfi_endproc
 218              	.LFE51:
 220              		.section	.text.Os_Calc_Runtime_Stop,"ax",%progbits
 221              		.align	1
 222              		.syntax unified
 223              		.code	16
 224              		.thumb_func
ARM GAS  C:\Users\jisu8\AppData\Local\Temp\cco9xKpj.s 			page 8


 226              	Os_Calc_Runtime_Stop:
 227              	.LVL3:
 228              	.LFB52:
 178:Core/Src/os.c **** 
 179:Core/Src/os.c **** static void Os_Calc_Runtime_Stop(uint8 idx)
 180:Core/Src/os.c **** {
 229              		.loc 1 180 1 view -0
 230              		.cfi_startproc
 231              		@ args = 0, pretend = 0, frame = 0
 232              		@ frame_needed = 0, uses_anonymous_args = 0
 233              		.loc 1 180 1 is_stmt 0 view .LVU35
 234 0000 10B5     		push	{r4, lr}
 235              	.LCFI1:
 236              		.cfi_def_cfa_offset 8
 237              		.cfi_offset 4, -8
 238              		.cfi_offset 14, -4
 239 0002 0400     		movs	r4, r0
 181:Core/Src/os.c **** 	uint32 OS_TimeLoc=0;
 240              		.loc 1 181 2 is_stmt 1 view .LVU36
 241              	.LVL4:
 182:Core/Src/os.c **** 	uint32 OS_TimeOldLoc=0;
 242              		.loc 1 182 2 view .LVU37
 183:Core/Src/os.c **** 	uint32 Os_TimeDiffLoc=0;
 243              		.loc 1 183 2 view .LVU38
 184:Core/Src/os.c **** 
 185:Core/Src/os.c **** 	OS_TimeLoc = Os_Get_Tick_100us();
 244              		.loc 1 185 2 view .LVU39
 245              		.loc 1 185 15 is_stmt 0 view .LVU40
 246 0004 FFF7FEFF 		bl	Os_Get_Tick_100us
 247              	.LVL5:
 186:Core/Src/os.c **** 
 187:Core/Src/os.c **** 	switch(idx)
 248              		.loc 1 187 2 is_stmt 1 view .LVU41
 249 0008 022C     		cmp	r4, #2
 250 000a 0FD0     		beq	.L19
 251 000c 032C     		cmp	r4, #3
 252 000e 10D0     		beq	.L20
 253 0010 012C     		cmp	r4, #1
 254 0012 08D0     		beq	.L26
 255 0014 0023     		movs	r3, #0
 256              	.LVL6:
 257              	.L21:
 188:Core/Src/os.c **** 	{
 189:Core/Src/os.c **** 		case OS_TASK_INDEX_1MS : 
 190:Core/Src/os.c **** 			OS_TimeOldLoc = Os_Var.Os_Tick_Runtime.Os_1ms_Tick_Runtime_Start;
 191:Core/Src/os.c **** 		break;
 192:Core/Src/os.c **** 		case OS_TASK_INDEX_10MS : 
 193:Core/Src/os.c **** 			OS_TimeOldLoc = Os_Var.Os_Tick_Runtime.Os_10ms_Tick_Runtime_Start;
 194:Core/Src/os.c **** 		break;
 195:Core/Src/os.c **** 		case OS_TASK_INDEX_100MS : 
 196:Core/Src/os.c **** 			OS_TimeOldLoc = Os_Var.Os_Tick_Runtime.Os_100ms_Tick_Runtime_Start;
 197:Core/Src/os.c **** 		break;
 198:Core/Src/os.c **** 	}
 199:Core/Src/os.c **** 
 200:Core/Src/os.c **** 	Os_TimeDiffLoc = OS_TimeLoc - OS_TimeOldLoc;
 258              		.loc 1 200 2 view .LVU42
 259              		.loc 1 200 17 is_stmt 0 view .LVU43
ARM GAS  C:\Users\jisu8\AppData\Local\Temp\cco9xKpj.s 			page 9


 260 0016 C31A     		subs	r3, r0, r3
 261              	.LVL7:
 201:Core/Src/os.c **** 
 202:Core/Src/os.c **** 	switch(idx)
 262              		.loc 1 202 2 is_stmt 1 view .LVU44
 263 0018 022C     		cmp	r4, #2
 264 001a 11D0     		beq	.L22
 265 001c 032C     		cmp	r4, #3
 266 001e 13D0     		beq	.L23
 267 0020 012C     		cmp	r4, #1
 268 0022 09D0     		beq	.L27
 269              	.L18:
 203:Core/Src/os.c **** 	{
 204:Core/Src/os.c **** 		case OS_TASK_INDEX_1MS : 
 205:Core/Src/os.c **** 			Os_Var.Os_Runtime.Os_1ms_Runtime = Os_TimeDiffLoc;
 206:Core/Src/os.c **** 			Os_Var.Os_Tick_Runtime.Os_1ms_Tick_Runtime_Stop = OS_TimeLoc;
 207:Core/Src/os.c **** 		break;
 208:Core/Src/os.c **** 		case OS_TASK_INDEX_10MS : 
 209:Core/Src/os.c **** 			Os_Var.Os_Runtime.Os_10ms_Runtime = Os_TimeDiffLoc;
 210:Core/Src/os.c **** 			Os_Var.Os_Tick_Runtime.Os_10ms_Tick_Runtime_Stop = OS_TimeLoc;
 211:Core/Src/os.c **** 		break;
 212:Core/Src/os.c **** 		case OS_TASK_INDEX_100MS : 
 213:Core/Src/os.c **** 			Os_Var.Os_Runtime.Os_100ms_Runtime = Os_TimeDiffLoc;
 214:Core/Src/os.c **** 			Os_Var.Os_Tick_Runtime.Os_100ms_Tick_Runtime_Stop = OS_TimeLoc;
 215:Core/Src/os.c **** 		break;
 216:Core/Src/os.c **** 	}
 217:Core/Src/os.c **** 
 218:Core/Src/os.c **** 	return;
 219:Core/Src/os.c **** }
 270              		.loc 1 219 1 is_stmt 0 view .LVU45
 271              		@ sp needed
 272 0024 10BD     		pop	{r4, pc}
 273              	.LVL8:
 274              	.L26:
 190:Core/Src/os.c **** 		break;
 275              		.loc 1 190 4 is_stmt 1 view .LVU46
 190:Core/Src/os.c **** 		break;
 276              		.loc 1 190 18 is_stmt 0 view .LVU47
 277 0026 0A4B     		ldr	r3, .L28
 278 0028 1B69     		ldr	r3, [r3, #16]
 279              	.LVL9:
 191:Core/Src/os.c **** 		case OS_TASK_INDEX_10MS : 
 280              		.loc 1 191 3 is_stmt 1 view .LVU48
 281 002a F4E7     		b	.L21
 282              	.LVL10:
 283              	.L19:
 193:Core/Src/os.c **** 		break;
 284              		.loc 1 193 4 view .LVU49
 193:Core/Src/os.c **** 		break;
 285              		.loc 1 193 18 is_stmt 0 view .LVU50
 286 002c 084B     		ldr	r3, .L28
 287 002e 9B69     		ldr	r3, [r3, #24]
 288              	.LVL11:
 194:Core/Src/os.c **** 		case OS_TASK_INDEX_100MS : 
 289              		.loc 1 194 3 is_stmt 1 view .LVU51
 290 0030 F1E7     		b	.L21
 291              	.LVL12:
ARM GAS  C:\Users\jisu8\AppData\Local\Temp\cco9xKpj.s 			page 10


 292              	.L20:
 196:Core/Src/os.c **** 		break;
 293              		.loc 1 196 4 view .LVU52
 196:Core/Src/os.c **** 		break;
 294              		.loc 1 196 18 is_stmt 0 view .LVU53
 295 0032 074B     		ldr	r3, .L28
 296 0034 1B6A     		ldr	r3, [r3, #32]
 297              	.LVL13:
 197:Core/Src/os.c **** 	}
 298              		.loc 1 197 3 is_stmt 1 view .LVU54
 299 0036 EEE7     		b	.L21
 300              	.LVL14:
 301              	.L27:
 205:Core/Src/os.c **** 			Os_Var.Os_Tick_Runtime.Os_1ms_Tick_Runtime_Stop = OS_TimeLoc;
 302              		.loc 1 205 4 view .LVU55
 205:Core/Src/os.c **** 			Os_Var.Os_Tick_Runtime.Os_1ms_Tick_Runtime_Stop = OS_TimeLoc;
 303              		.loc 1 205 37 is_stmt 0 view .LVU56
 304 0038 054A     		ldr	r2, .L28
 305 003a 5363     		str	r3, [r2, #52]
 206:Core/Src/os.c **** 		break;
 306              		.loc 1 206 4 is_stmt 1 view .LVU57
 206:Core/Src/os.c **** 		break;
 307              		.loc 1 206 52 is_stmt 0 view .LVU58
 308 003c 5061     		str	r0, [r2, #20]
 207:Core/Src/os.c **** 		case OS_TASK_INDEX_10MS : 
 309              		.loc 1 207 3 is_stmt 1 view .LVU59
 310 003e F1E7     		b	.L18
 311              	.L22:
 209:Core/Src/os.c **** 			Os_Var.Os_Tick_Runtime.Os_10ms_Tick_Runtime_Stop = OS_TimeLoc;
 312              		.loc 1 209 4 view .LVU60
 209:Core/Src/os.c **** 			Os_Var.Os_Tick_Runtime.Os_10ms_Tick_Runtime_Stop = OS_TimeLoc;
 313              		.loc 1 209 38 is_stmt 0 view .LVU61
 314 0040 034A     		ldr	r2, .L28
 315 0042 9363     		str	r3, [r2, #56]
 210:Core/Src/os.c **** 		break;
 316              		.loc 1 210 4 is_stmt 1 view .LVU62
 210:Core/Src/os.c **** 		break;
 317              		.loc 1 210 53 is_stmt 0 view .LVU63
 318 0044 D061     		str	r0, [r2, #28]
 211:Core/Src/os.c **** 		case OS_TASK_INDEX_100MS : 
 319              		.loc 1 211 3 is_stmt 1 view .LVU64
 320 0046 EDE7     		b	.L18
 321              	.L23:
 213:Core/Src/os.c **** 			Os_Var.Os_Tick_Runtime.Os_100ms_Tick_Runtime_Stop = OS_TimeLoc;
 322              		.loc 1 213 4 view .LVU65
 213:Core/Src/os.c **** 			Os_Var.Os_Tick_Runtime.Os_100ms_Tick_Runtime_Stop = OS_TimeLoc;
 323              		.loc 1 213 39 is_stmt 0 view .LVU66
 324 0048 014A     		ldr	r2, .L28
 325 004a D363     		str	r3, [r2, #60]
 214:Core/Src/os.c **** 		break;
 326              		.loc 1 214 4 is_stmt 1 view .LVU67
 214:Core/Src/os.c **** 		break;
 327              		.loc 1 214 54 is_stmt 0 view .LVU68
 328 004c 5062     		str	r0, [r2, #36]
 215:Core/Src/os.c **** 	}
 329              		.loc 1 215 3 is_stmt 1 view .LVU69
 218:Core/Src/os.c **** }
ARM GAS  C:\Users\jisu8\AppData\Local\Temp\cco9xKpj.s 			page 11


 330              		.loc 1 218 2 view .LVU70
 331 004e E9E7     		b	.L18
 332              	.L29:
 333              		.align	2
 334              	.L28:
 335 0050 00000000 		.word	.LANCHOR0
 336              		.cfi_endproc
 337              	.LFE52:
 339              		.section	.text.Os_Calc_Period,"ax",%progbits
 340              		.align	1
 341              		.syntax unified
 342              		.code	16
 343              		.thumb_func
 345              	Os_Calc_Period:
 346              	.LVL15:
 347              	.LFB50:
 115:Core/Src/os.c **** 	uint32 OS_TimeLoc=0;
 348              		.loc 1 115 1 view -0
 349              		.cfi_startproc
 350              		@ args = 0, pretend = 0, frame = 0
 351              		@ frame_needed = 0, uses_anonymous_args = 0
 115:Core/Src/os.c **** 	uint32 OS_TimeLoc=0;
 352              		.loc 1 115 1 is_stmt 0 view .LVU72
 353 0000 10B5     		push	{r4, lr}
 354              	.LCFI2:
 355              		.cfi_def_cfa_offset 8
 356              		.cfi_offset 4, -8
 357              		.cfi_offset 14, -4
 358 0002 0400     		movs	r4, r0
 116:Core/Src/os.c **** 	uint32 OS_TimeOldLoc=0;
 359              		.loc 1 116 2 is_stmt 1 view .LVU73
 360              	.LVL16:
 117:Core/Src/os.c **** 	uint32 Os_TimeDiffLoc=0;
 361              		.loc 1 117 2 view .LVU74
 118:Core/Src/os.c **** 
 362              		.loc 1 118 2 view .LVU75
 120:Core/Src/os.c **** 
 363              		.loc 1 120 2 view .LVU76
 120:Core/Src/os.c **** 
 364              		.loc 1 120 15 is_stmt 0 view .LVU77
 365 0004 FFF7FEFF 		bl	Os_Get_Tick_100us
 366              	.LVL17:
 122:Core/Src/os.c **** 	{
 367              		.loc 1 122 2 is_stmt 1 view .LVU78
 368 0008 022C     		cmp	r4, #2
 369 000a 0FD0     		beq	.L31
 370 000c 032C     		cmp	r4, #3
 371 000e 10D0     		beq	.L32
 372 0010 012C     		cmp	r4, #1
 373 0012 08D0     		beq	.L38
 374 0014 0023     		movs	r3, #0
 375              	.LVL18:
 376              	.L33:
 135:Core/Src/os.c **** 	OS_TimeOldLoc = OS_TimeLoc;
 377              		.loc 1 135 2 view .LVU79
 135:Core/Src/os.c **** 	OS_TimeOldLoc = OS_TimeLoc;
 378              		.loc 1 135 17 is_stmt 0 view .LVU80
ARM GAS  C:\Users\jisu8\AppData\Local\Temp\cco9xKpj.s 			page 12


 379 0016 C31A     		subs	r3, r0, r3
 380              	.LVL19:
 136:Core/Src/os.c **** 	
 381              		.loc 1 136 2 is_stmt 1 view .LVU81
 138:Core/Src/os.c **** 	{
 382              		.loc 1 138 2 view .LVU82
 383 0018 022C     		cmp	r4, #2
 384 001a 11D0     		beq	.L34
 385 001c 032C     		cmp	r4, #3
 386 001e 13D0     		beq	.L35
 387 0020 012C     		cmp	r4, #1
 388 0022 09D0     		beq	.L39
 389              	.L30:
 155:Core/Src/os.c **** 
 390              		.loc 1 155 1 is_stmt 0 view .LVU83
 391              		@ sp needed
 392 0024 10BD     		pop	{r4, pc}
 393              	.LVL20:
 394              	.L38:
 125:Core/Src/os.c **** 		break;
 395              		.loc 1 125 4 is_stmt 1 view .LVU84
 125:Core/Src/os.c **** 		break;
 396              		.loc 1 125 18 is_stmt 0 view .LVU85
 397 0026 0A4B     		ldr	r3, .L40
 398 0028 9B6A     		ldr	r3, [r3, #40]
 399              	.LVL21:
 126:Core/Src/os.c **** 		case OS_TASK_INDEX_10MS : 
 400              		.loc 1 126 3 is_stmt 1 view .LVU86
 401 002a F4E7     		b	.L33
 402              	.LVL22:
 403              	.L31:
 128:Core/Src/os.c **** 		break;
 404              		.loc 1 128 4 view .LVU87
 128:Core/Src/os.c **** 		break;
 405              		.loc 1 128 18 is_stmt 0 view .LVU88
 406 002c 084B     		ldr	r3, .L40
 407 002e DB6A     		ldr	r3, [r3, #44]
 408              	.LVL23:
 129:Core/Src/os.c **** 		case OS_TASK_INDEX_100MS : 
 409              		.loc 1 129 3 is_stmt 1 view .LVU89
 410 0030 F1E7     		b	.L33
 411              	.LVL24:
 412              	.L32:
 131:Core/Src/os.c **** 		break;
 413              		.loc 1 131 4 view .LVU90
 131:Core/Src/os.c **** 		break;
 414              		.loc 1 131 18 is_stmt 0 view .LVU91
 415 0032 074B     		ldr	r3, .L40
 416 0034 1B6B     		ldr	r3, [r3, #48]
 417              	.LVL25:
 132:Core/Src/os.c **** 	}
 418              		.loc 1 132 3 is_stmt 1 view .LVU92
 419 0036 EEE7     		b	.L33
 420              	.LVL26:
 421              	.L39:
 141:Core/Src/os.c **** 			Os_Var.Os_Tick_Period.Os_1ms_Tick_Period = OS_TimeOldLoc;
 422              		.loc 1 141 4 view .LVU93
ARM GAS  C:\Users\jisu8\AppData\Local\Temp\cco9xKpj.s 			page 13


 141:Core/Src/os.c **** 			Os_Var.Os_Tick_Period.Os_1ms_Tick_Period = OS_TimeOldLoc;
 423              		.loc 1 141 35 is_stmt 0 view .LVU94
 424 0038 054A     		ldr	r2, .L40
 425 003a 1364     		str	r3, [r2, #64]
 142:Core/Src/os.c **** 		break;
 426              		.loc 1 142 4 is_stmt 1 view .LVU95
 142:Core/Src/os.c **** 		break;
 427              		.loc 1 142 45 is_stmt 0 view .LVU96
 428 003c 9062     		str	r0, [r2, #40]
 143:Core/Src/os.c **** 		case OS_TASK_INDEX_10MS : 
 429              		.loc 1 143 3 is_stmt 1 view .LVU97
 430 003e F1E7     		b	.L30
 431              	.L34:
 145:Core/Src/os.c **** 			Os_Var.Os_Tick_Period.Os_10ms_Tick_Period = OS_TimeOldLoc;
 432              		.loc 1 145 4 view .LVU98
 145:Core/Src/os.c **** 			Os_Var.Os_Tick_Period.Os_10ms_Tick_Period = OS_TimeOldLoc;
 433              		.loc 1 145 36 is_stmt 0 view .LVU99
 434 0040 034A     		ldr	r2, .L40
 435 0042 5364     		str	r3, [r2, #68]
 146:Core/Src/os.c **** 		break;
 436              		.loc 1 146 4 is_stmt 1 view .LVU100
 146:Core/Src/os.c **** 		break;
 437              		.loc 1 146 46 is_stmt 0 view .LVU101
 438 0044 D062     		str	r0, [r2, #44]
 147:Core/Src/os.c **** 		case OS_TASK_INDEX_100MS : 
 439              		.loc 1 147 3 is_stmt 1 view .LVU102
 440 0046 EDE7     		b	.L30
 441              	.L35:
 149:Core/Src/os.c **** 			Os_Var.Os_Tick_Period.Os_100ms_Tick_Period = OS_TimeOldLoc;
 442              		.loc 1 149 4 view .LVU103
 149:Core/Src/os.c **** 			Os_Var.Os_Tick_Period.Os_100ms_Tick_Period = OS_TimeOldLoc;
 443              		.loc 1 149 37 is_stmt 0 view .LVU104
 444 0048 014A     		ldr	r2, .L40
 445 004a 9364     		str	r3, [r2, #72]
 150:Core/Src/os.c **** 		break;
 446              		.loc 1 150 4 is_stmt 1 view .LVU105
 150:Core/Src/os.c **** 		break;
 447              		.loc 1 150 47 is_stmt 0 view .LVU106
 448 004c 1063     		str	r0, [r2, #48]
 151:Core/Src/os.c **** 	}
 449              		.loc 1 151 3 is_stmt 1 view .LVU107
 154:Core/Src/os.c **** }
 450              		.loc 1 154 2 view .LVU108
 451 004e E9E7     		b	.L30
 452              	.L41:
 453              		.align	2
 454              	.L40:
 455 0050 00000000 		.word	.LANCHOR0
 456              		.cfi_endproc
 457              	.LFE50:
 459              		.section	.text.Os_Handler,"ax",%progbits
 460              		.align	1
 461              		.global	Os_Handler
 462              		.syntax unified
 463              		.code	16
 464              		.thumb_func
 466              	Os_Handler:
ARM GAS  C:\Users\jisu8\AppData\Local\Temp\cco9xKpj.s 			page 14


 467              	.LFB46:
  43:Core/Src/os.c **** 	void(*fp)(void);
 468              		.loc 1 43 1 view -0
 469              		.cfi_startproc
 470              		@ args = 0, pretend = 0, frame = 0
 471              		@ frame_needed = 0, uses_anonymous_args = 0
 472 0000 10B5     		push	{r4, lr}
 473              	.LCFI3:
 474              		.cfi_def_cfa_offset 8
 475              		.cfi_offset 4, -8
 476              		.cfi_offset 14, -4
  44:Core/Src/os.c ****     if(Os_Var.Os_Task_Flag.Os_100ms_Flag == 1)
 477              		.loc 1 44 2 view .LVU110
  45:Core/Src/os.c **** 	{
 478              		.loc 1 45 5 view .LVU111
  45:Core/Src/os.c **** 	{
 479              		.loc 1 45 27 is_stmt 0 view .LVU112
 480 0002 0F4A     		ldr	r2, .L46
 481 0004 5623     		movs	r3, #86
 482 0006 D35C     		ldrb	r3, [r2, r3]
  45:Core/Src/os.c **** 	{
 483              		.loc 1 45 7 view .LVU113
 484 0008 012B     		cmp	r3, #1
 485 000a 09D0     		beq	.L45
  57:Core/Src/os.c **** 		(void)Os_Background_Task();
 486              		.loc 1 57 3 is_stmt 1 view .LVU114
 487 000c 0420     		movs	r0, #4
 488 000e FFF7FEFF 		bl	Os_Calc_Runtime_Start
 489              	.LVL27:
  58:Core/Src/os.c **** 		Os_Calc_Runtime_Stop(OS_TASK_INDEX_BG);
 490              		.loc 1 58 3 view .LVU115
  59:Core/Src/os.c **** 		Os_Calc_Period(OS_TASK_INDEX_BG);
 491              		.loc 1 59 3 view .LVU116
 492 0012 0420     		movs	r0, #4
 493 0014 FFF7FEFF 		bl	Os_Calc_Runtime_Stop
 494              	.LVL28:
  60:Core/Src/os.c **** 	}
 495              		.loc 1 60 3 view .LVU117
 496 0018 0420     		movs	r0, #4
 497 001a FFF7FEFF 		bl	Os_Calc_Period
 498              	.LVL29:
  63:Core/Src/os.c **** }
 499              		.loc 1 63 5 view .LVU118
 500              	.L42:
  64:Core/Src/os.c **** 
 501              		.loc 1 64 1 is_stmt 0 view .LVU119
 502              		@ sp needed
 503 001e 10BD     		pop	{r4, pc}
 504              	.L45:
  47:Core/Src/os.c **** 		Os_Var.Os_Task_Add.Os_100ms_Address = fp;
 505              		.loc 1 47 3 is_stmt 1 view .LVU120
  48:Core/Src/os.c **** 		Os_Var.Os_Task_Flag.Os_100ms_Flag = 0;
 506              		.loc 1 48 3 view .LVU121
  48:Core/Src/os.c **** 		Os_Var.Os_Task_Flag.Os_100ms_Flag = 0;
 507              		.loc 1 48 39 is_stmt 0 view .LVU122
 508 0020 1300     		movs	r3, r2
 509 0022 084A     		ldr	r2, .L46+4
ARM GAS  C:\Users\jisu8\AppData\Local\Temp\cco9xKpj.s 			page 15


 510 0024 1A66     		str	r2, [r3, #96]
  49:Core/Src/os.c **** 		Os_Calc_Runtime_Start(OS_TASK_INDEX_100MS);
 511              		.loc 1 49 3 is_stmt 1 view .LVU123
  49:Core/Src/os.c **** 		Os_Calc_Runtime_Start(OS_TASK_INDEX_100MS);
 512              		.loc 1 49 37 is_stmt 0 view .LVU124
 513 0026 5622     		movs	r2, #86
 514 0028 0021     		movs	r1, #0
 515 002a 9954     		strb	r1, [r3, r2]
  50:Core/Src/os.c **** 		(void)Os_100ms_Task();
 516              		.loc 1 50 3 is_stmt 1 view .LVU125
 517 002c 0320     		movs	r0, #3
 518 002e FFF7FEFF 		bl	Os_Calc_Runtime_Start
 519              	.LVL30:
  51:Core/Src/os.c **** 		Os_Calc_Runtime_Stop(OS_TASK_INDEX_100MS);
 520              		.loc 1 51 3 view .LVU126
  52:Core/Src/os.c **** 		Os_Calc_Period(OS_TASK_INDEX_100MS);
 521              		.loc 1 52 3 view .LVU127
 522 0032 0320     		movs	r0, #3
 523 0034 FFF7FEFF 		bl	Os_Calc_Runtime_Stop
 524              	.LVL31:
  53:Core/Src/os.c **** 	}
 525              		.loc 1 53 3 view .LVU128
 526 0038 0320     		movs	r0, #3
 527 003a FFF7FEFF 		bl	Os_Calc_Period
 528              	.LVL32:
 529 003e EEE7     		b	.L42
 530              	.L47:
 531              		.align	2
 532              	.L46:
 533 0040 00000000 		.word	.LANCHOR0
 534 0044 00000000 		.word	Os_100ms_Task
 535              		.cfi_endproc
 536              	.LFE46:
 538              		.global	__aeabi_uidivmod
 539              		.section	.text.Os_Handler_1ms,"ax",%progbits
 540              		.align	1
 541              		.global	Os_Handler_1ms
 542              		.syntax unified
 543              		.code	16
 544              		.thumb_func
 546              	Os_Handler_1ms:
 547              	.LFB47:
  67:Core/Src/os.c **** 	if(Os_Var.Os_Counter.Os_1ms_Counter % 1 == 0)
 548              		.loc 1 67 1 view -0
 549              		.cfi_startproc
 550              		@ args = 0, pretend = 0, frame = 0
 551              		@ frame_needed = 0, uses_anonymous_args = 0
 552 0000 10B5     		push	{r4, lr}
 553              	.LCFI4:
 554              		.cfi_def_cfa_offset 8
 555              		.cfi_offset 4, -8
 556              		.cfi_offset 14, -4
  68:Core/Src/os.c **** 	{
 557              		.loc 1 68 2 view .LVU130
  70:Core/Src/os.c **** 		Os_Var.Os_Task_Flag.Os_1ms_Flag = 1;
 558              		.loc 1 70 3 view .LVU131
  70:Core/Src/os.c **** 		Os_Var.Os_Task_Flag.Os_1ms_Flag = 1;
ARM GAS  C:\Users\jisu8\AppData\Local\Temp\cco9xKpj.s 			page 16


 559              		.loc 1 70 20 is_stmt 0 view .LVU132
 560 0002 114B     		ldr	r3, .L50
  70:Core/Src/os.c **** 		Os_Var.Os_Task_Flag.Os_1ms_Flag = 1;
 561              		.loc 1 70 35 view .LVU133
 562 0004 5A68     		ldr	r2, [r3, #4]
 563 0006 501C     		adds	r0, r2, #1
 564 0008 5860     		str	r0, [r3, #4]
  71:Core/Src/os.c **** 	}
 565              		.loc 1 71 3 is_stmt 1 view .LVU134
  71:Core/Src/os.c **** 	}
 566              		.loc 1 71 35 is_stmt 0 view .LVU135
 567 000a 5422     		movs	r2, #84
 568 000c 0121     		movs	r1, #1
 569 000e 9954     		strb	r1, [r3, r2]
  74:Core/Src/os.c **** 	{
 570              		.loc 1 74 2 is_stmt 1 view .LVU136
  74:Core/Src/os.c **** 	{
 571              		.loc 1 74 38 is_stmt 0 view .LVU137
 572 0010 6331     		adds	r1, r1, #99
 573 0012 FFF7FEFF 		bl	__aeabi_uidivmod
 574              	.LVL33:
  74:Core/Src/os.c **** 	{
 575              		.loc 1 74 4 view .LVU138
 576 0016 0029     		cmp	r1, #0
 577 0018 06D1     		bne	.L49
  76:Core/Src/os.c **** 		Os_Var.Os_Task_Flag.Os_100ms_Flag = 1;
 578              		.loc 1 76 3 is_stmt 1 view .LVU139
  76:Core/Src/os.c **** 		Os_Var.Os_Task_Flag.Os_100ms_Flag = 1;
 579              		.loc 1 76 20 is_stmt 0 view .LVU140
 580 001a 0B4B     		ldr	r3, .L50
  76:Core/Src/os.c **** 		Os_Var.Os_Task_Flag.Os_100ms_Flag = 1;
 581              		.loc 1 76 37 view .LVU141
 582 001c DA68     		ldr	r2, [r3, #12]
 583 001e 0132     		adds	r2, r2, #1
 584 0020 DA60     		str	r2, [r3, #12]
  77:Core/Src/os.c **** 	}
 585              		.loc 1 77 3 is_stmt 1 view .LVU142
  77:Core/Src/os.c **** 	}
 586              		.loc 1 77 37 is_stmt 0 view .LVU143
 587 0022 5622     		movs	r2, #86
 588 0024 0131     		adds	r1, r1, #1
 589 0026 9954     		strb	r1, [r3, r2]
 590              	.L49:
  79:Core/Src/os.c **** 	if(Os_Var.Os_Task_Flag.Os_1ms_Flag == 1)
 591              		.loc 1 79 2 is_stmt 1 view .LVU144
  80:Core/Src/os.c **** 	{
 592              		.loc 1 80 2 view .LVU145
  82:Core/Src/os.c **** 		Os_Var.Os_Task_Add.Os_1ms_Address = fp;
 593              		.loc 1 82 3 view .LVU146
  83:Core/Src/os.c **** 		Os_Var.Os_Task_Flag.Os_1ms_Flag = 0;
 594              		.loc 1 83 3 view .LVU147
  83:Core/Src/os.c **** 		Os_Var.Os_Task_Flag.Os_1ms_Flag = 0;
 595              		.loc 1 83 37 is_stmt 0 view .LVU148
 596 0028 074B     		ldr	r3, .L50
 597 002a 084A     		ldr	r2, .L50+4
 598 002c 9A65     		str	r2, [r3, #88]
  84:Core/Src/os.c **** 		Os_Calc_Runtime_Start(OS_TASK_INDEX_1MS);
ARM GAS  C:\Users\jisu8\AppData\Local\Temp\cco9xKpj.s 			page 17


 599              		.loc 1 84 3 is_stmt 1 view .LVU149
  84:Core/Src/os.c **** 		Os_Calc_Runtime_Start(OS_TASK_INDEX_1MS);
 600              		.loc 1 84 35 is_stmt 0 view .LVU150
 601 002e 5422     		movs	r2, #84
 602 0030 0021     		movs	r1, #0
 603 0032 9954     		strb	r1, [r3, r2]
  85:Core/Src/os.c **** 		(void)Os_1ms_Task();
 604              		.loc 1 85 3 is_stmt 1 view .LVU151
 605 0034 0120     		movs	r0, #1
 606 0036 FFF7FEFF 		bl	Os_Calc_Runtime_Start
 607              	.LVL34:
  86:Core/Src/os.c **** 		Os_Calc_Runtime_Stop(OS_TASK_INDEX_1MS);
 608              		.loc 1 86 3 view .LVU152
  87:Core/Src/os.c **** 		Os_Calc_Period(OS_TASK_INDEX_1MS);
 609              		.loc 1 87 3 view .LVU153
 610 003a 0120     		movs	r0, #1
 611 003c FFF7FEFF 		bl	Os_Calc_Runtime_Stop
 612              	.LVL35:
  88:Core/Src/os.c **** 	}
 613              		.loc 1 88 3 view .LVU154
 614 0040 0120     		movs	r0, #1
 615 0042 FFF7FEFF 		bl	Os_Calc_Period
 616              	.LVL36:
  90:Core/Src/os.c **** 
 617              		.loc 1 90 1 is_stmt 0 view .LVU155
 618              		@ sp needed
 619 0046 10BD     		pop	{r4, pc}
 620              	.L51:
 621              		.align	2
 622              	.L50:
 623 0048 00000000 		.word	.LANCHOR0
 624 004c 00000000 		.word	Os_1ms_Task
 625              		.cfi_endproc
 626              	.LFE47:
 628              		.section	.text.Os_Handler_10ms,"ax",%progbits
 629              		.align	1
 630              		.global	Os_Handler_10ms
 631              		.syntax unified
 632              		.code	16
 633              		.thumb_func
 635              	Os_Handler_10ms:
 636              	.LFB48:
  93:Core/Src/os.c **** 	Os_Var.Os_Counter.Os_10ms_Counter++;
 637              		.loc 1 93 1 is_stmt 1 view -0
 638              		.cfi_startproc
 639              		@ args = 0, pretend = 0, frame = 0
 640              		@ frame_needed = 0, uses_anonymous_args = 0
 641 0000 10B5     		push	{r4, lr}
 642              	.LCFI5:
 643              		.cfi_def_cfa_offset 8
 644              		.cfi_offset 4, -8
 645              		.cfi_offset 14, -4
  94:Core/Src/os.c **** 	Os_Var.Os_Task_Flag.Os_10ms_Flag = 1;
 646              		.loc 1 94 2 view .LVU157
  94:Core/Src/os.c **** 	Os_Var.Os_Task_Flag.Os_10ms_Flag = 1;
 647              		.loc 1 94 19 is_stmt 0 view .LVU158
 648 0002 0A4B     		ldr	r3, .L53
ARM GAS  C:\Users\jisu8\AppData\Local\Temp\cco9xKpj.s 			page 18


  94:Core/Src/os.c **** 	Os_Var.Os_Task_Flag.Os_10ms_Flag = 1;
 649              		.loc 1 94 35 view .LVU159
 650 0004 9A68     		ldr	r2, [r3, #8]
 651 0006 0132     		adds	r2, r2, #1
 652 0008 9A60     		str	r2, [r3, #8]
  95:Core/Src/os.c **** 	void(*fp)(void);
 653              		.loc 1 95 2 is_stmt 1 view .LVU160
  95:Core/Src/os.c **** 	void(*fp)(void);
 654              		.loc 1 95 35 is_stmt 0 view .LVU161
 655 000a 5522     		movs	r2, #85
 656 000c 0121     		movs	r1, #1
 657 000e 9954     		strb	r1, [r3, r2]
  96:Core/Src/os.c **** 	if(Os_Var.Os_Task_Flag.Os_10ms_Flag == 1)
 658              		.loc 1 96 2 is_stmt 1 view .LVU162
  97:Core/Src/os.c **** 	{
 659              		.loc 1 97 2 view .LVU163
  99:Core/Src/os.c **** 		Os_Var.Os_Task_Add.Os_10ms_Address = fp;
 660              		.loc 1 99 3 view .LVU164
 100:Core/Src/os.c **** 		Os_Var.Os_Task_Flag.Os_10ms_Flag = 0;
 661              		.loc 1 100 3 view .LVU165
 100:Core/Src/os.c **** 		Os_Var.Os_Task_Flag.Os_10ms_Flag = 0;
 662              		.loc 1 100 38 is_stmt 0 view .LVU166
 663 0010 0749     		ldr	r1, .L53+4
 664 0012 D965     		str	r1, [r3, #92]
 101:Core/Src/os.c **** 		Os_Calc_Runtime_Start(OS_TASK_INDEX_10MS);
 665              		.loc 1 101 3 is_stmt 1 view .LVU167
 101:Core/Src/os.c **** 		Os_Calc_Runtime_Start(OS_TASK_INDEX_10MS);
 666              		.loc 1 101 36 is_stmt 0 view .LVU168
 667 0014 0021     		movs	r1, #0
 668 0016 9954     		strb	r1, [r3, r2]
 102:Core/Src/os.c **** 		(void)Os_10ms_Task();
 669              		.loc 1 102 3 is_stmt 1 view .LVU169
 670 0018 0220     		movs	r0, #2
 671 001a FFF7FEFF 		bl	Os_Calc_Runtime_Start
 672              	.LVL37:
 103:Core/Src/os.c **** 		Os_Calc_Runtime_Stop(OS_TASK_INDEX_10MS);
 673              		.loc 1 103 3 view .LVU170
 104:Core/Src/os.c **** 		Os_Calc_Period(OS_TASK_INDEX_10MS);
 674              		.loc 1 104 3 view .LVU171
 675 001e 0220     		movs	r0, #2
 676 0020 FFF7FEFF 		bl	Os_Calc_Runtime_Stop
 677              	.LVL38:
 105:Core/Src/os.c **** 	}
 678              		.loc 1 105 3 view .LVU172
 679 0024 0220     		movs	r0, #2
 680 0026 FFF7FEFF 		bl	Os_Calc_Period
 681              	.LVL39:
 107:Core/Src/os.c **** 
 682              		.loc 1 107 1 is_stmt 0 view .LVU173
 683              		@ sp needed
 684 002a 10BD     		pop	{r4, pc}
 685              	.L54:
 686              		.align	2
 687              	.L53:
 688 002c 00000000 		.word	.LANCHOR0
 689 0030 00000000 		.word	Os_10ms_Task
 690              		.cfi_endproc
ARM GAS  C:\Users\jisu8\AppData\Local\Temp\cco9xKpj.s 			page 19


 691              	.LFE48:
 693              		.section	.text.HAL_TIM_PeriodElapsedCallback,"ax",%progbits
 694              		.align	1
 695              		.global	HAL_TIM_PeriodElapsedCallback
 696              		.syntax unified
 697              		.code	16
 698              		.thumb_func
 700              	HAL_TIM_PeriodElapsedCallback:
 701              	.LVL40:
 702              	.LFB53:
 220:Core/Src/os.c **** 
 221:Core/Src/os.c **** void HAL_TIM_PeriodElapsedCallback(TIM_HandleTypeDef *htim)
 222:Core/Src/os.c **** {
 703              		.loc 1 222 1 is_stmt 1 view -0
 704              		.cfi_startproc
 705              		@ args = 0, pretend = 0, frame = 0
 706              		@ frame_needed = 0, uses_anonymous_args = 0
 707              		.loc 1 222 1 is_stmt 0 view .LVU175
 708 0000 10B5     		push	{r4, lr}
 709              	.LCFI6:
 710              		.cfi_def_cfa_offset 8
 711              		.cfi_offset 4, -8
 712              		.cfi_offset 14, -4
 713 0002 0400     		movs	r4, r0
 223:Core/Src/os.c ****     if(htim->Instance == TIM15)
 714              		.loc 1 223 5 is_stmt 1 view .LVU176
 715              		.loc 1 223 7 is_stmt 0 view .LVU177
 716 0004 074B     		ldr	r3, .L60
 717 0006 0268     		ldr	r2, [r0]
 718 0008 9A42     		cmp	r2, r3
 719 000a 04D0     		beq	.L58
 720              	.LVL41:
 721              	.L56:
 224:Core/Src/os.c ****     {
 225:Core/Src/os.c ****         Os_Handler_10ms();
 226:Core/Src/os.c ****     }
 227:Core/Src/os.c ****     if(htim->Instance == TIM17)
 722              		.loc 1 227 5 is_stmt 1 view .LVU178
 723              		.loc 1 227 12 is_stmt 0 view .LVU179
 724 000c 2268     		ldr	r2, [r4]
 725              		.loc 1 227 7 view .LVU180
 726 000e 064B     		ldr	r3, .L60+4
 727 0010 9A42     		cmp	r2, r3
 728 0012 03D0     		beq	.L59
 729              	.L55:
 228:Core/Src/os.c ****     {
 229:Core/Src/os.c ****         Os_Time_Handler();
 230:Core/Src/os.c ****     }
 231:Core/Src/os.c **** }...
 730              		.loc 1 231 1 view .LVU181
 731              		@ sp needed
 732              	.LVL42:
 733              		.loc 1 231 1 view .LVU182
 734 0014 10BD     		pop	{r4, pc}
 735              	.LVL43:
 736              	.L58:
 225:Core/Src/os.c ****         Os_Handler_10ms();
ARM GAS  C:\Users\jisu8\AppData\Local\Temp\cco9xKpj.s 			page 20


 737              		.loc 1 225 9 is_stmt 1 view .LVU183
 738 0016 FFF7FEFF 		bl	Os_Handler_10ms
 739              	.LVL44:
 225:Core/Src/os.c ****         Os_Handler_10ms();
 740              		.loc 1 225 9 is_stmt 0 view .LVU184
 741 001a F7E7     		b	.L56
 742              	.L59:
 229:Core/Src/os.c ****         Os_Time_Handler();
 743              		.loc 1 229 9 is_stmt 1 view .LVU185
 744 001c FFF7FEFF 		bl	Os_Time_Handler
 745              	.LVL45:
 746              		.loc 1 231 1 is_stmt 0 view .LVU186
 747 0020 F8E7     		b	.L55
 748              	.L61:
 749 0022 C046     		.align	2
 750              	.L60:
 751 0024 00400140 		.word	1073823744
 752 0028 00480140 		.word	1073825792
 753              		.cfi_endproc
 754              	.LFE53:
 756              		.global	Os_Var
 757              		.section	.bss.Os_Var,"aw",%nobits
 758              		.align	2
 759              		.set	.LANCHOR0,. + 0
 762              	Os_Var:
 763 0000 00000000 		.space	100
 763      00000000 
 763      00000000 
 763      00000000 
 763      00000000 
 764              		.text
 765              	.Letext0:
 766              		.file 2 "d:\\3.tools\\arm_gcc_toolchain\\arm-none-eabi\\include\\machine\\_default_types.h"
 767              		.file 3 "d:\\3.tools\\arm_gcc_toolchain\\arm-none-eabi\\include\\sys\\_stdint.h"
 768              		.file 4 "Drivers/CMSIS/Device/ST/STM32F0xx/Include/stm32f030x8.h"
 769              		.file 5 "Drivers/STM32F0xx_HAL_Driver/Inc/stm32f0xx_hal_def.h"
 770              		.file 6 "Drivers/STM32F0xx_HAL_Driver/Inc/stm32f0xx_hal_dma.h"
 771              		.file 7 "Drivers/STM32F0xx_HAL_Driver/Inc/stm32f0xx_hal_tim.h"
 772              		.file 8 "Core/Inc/vardef.h"
 773              		.file 9 "Core/Inc/os.h"
ARM GAS  C:\Users\jisu8\AppData\Local\Temp\cco9xKpj.s 			page 21


DEFINED SYMBOLS
                            *ABS*:00000000 os.c
C:\Users\jisu8\AppData\Local\Temp\cco9xKpj.s:18     .text.Os_1ms_Task:00000000 $t
C:\Users\jisu8\AppData\Local\Temp\cco9xKpj.s:23     .text.Os_1ms_Task:00000000 Os_1ms_Task
C:\Users\jisu8\AppData\Local\Temp\cco9xKpj.s:38     .text.Os_10ms_Task:00000000 $t
C:\Users\jisu8\AppData\Local\Temp\cco9xKpj.s:43     .text.Os_10ms_Task:00000000 Os_10ms_Task
C:\Users\jisu8\AppData\Local\Temp\cco9xKpj.s:57     .text.Os_100ms_Task:00000000 $t
C:\Users\jisu8\AppData\Local\Temp\cco9xKpj.s:62     .text.Os_100ms_Task:00000000 Os_100ms_Task
C:\Users\jisu8\AppData\Local\Temp\cco9xKpj.s:76     .text.Os_Init_Task:00000000 $t
C:\Users\jisu8\AppData\Local\Temp\cco9xKpj.s:82     .text.Os_Init_Task:00000000 Os_Init_Task
C:\Users\jisu8\AppData\Local\Temp\cco9xKpj.s:96     .text.Os_Time_Handler:00000000 $t
C:\Users\jisu8\AppData\Local\Temp\cco9xKpj.s:102    .text.Os_Time_Handler:00000000 Os_Time_Handler
C:\Users\jisu8\AppData\Local\Temp\cco9xKpj.s:122    .text.Os_Time_Handler:0000000c $d
C:\Users\jisu8\AppData\Local\Temp\cco9xKpj.s:127    .text.Os_Get_Tick_100us:00000000 $t
C:\Users\jisu8\AppData\Local\Temp\cco9xKpj.s:133    .text.Os_Get_Tick_100us:00000000 Os_Get_Tick_100us
C:\Users\jisu8\AppData\Local\Temp\cco9xKpj.s:150    .text.Os_Get_Tick_100us:00000008 $d
C:\Users\jisu8\AppData\Local\Temp\cco9xKpj.s:155    .text.Os_Calc_Runtime_Start:00000000 $t
C:\Users\jisu8\AppData\Local\Temp\cco9xKpj.s:160    .text.Os_Calc_Runtime_Start:00000000 Os_Calc_Runtime_Start
C:\Users\jisu8\AppData\Local\Temp\cco9xKpj.s:216    .text.Os_Calc_Runtime_Start:00000028 $d
C:\Users\jisu8\AppData\Local\Temp\cco9xKpj.s:221    .text.Os_Calc_Runtime_Stop:00000000 $t
C:\Users\jisu8\AppData\Local\Temp\cco9xKpj.s:226    .text.Os_Calc_Runtime_Stop:00000000 Os_Calc_Runtime_Stop
C:\Users\jisu8\AppData\Local\Temp\cco9xKpj.s:335    .text.Os_Calc_Runtime_Stop:00000050 $d
C:\Users\jisu8\AppData\Local\Temp\cco9xKpj.s:340    .text.Os_Calc_Period:00000000 $t
C:\Users\jisu8\AppData\Local\Temp\cco9xKpj.s:345    .text.Os_Calc_Period:00000000 Os_Calc_Period
C:\Users\jisu8\AppData\Local\Temp\cco9xKpj.s:455    .text.Os_Calc_Period:00000050 $d
C:\Users\jisu8\AppData\Local\Temp\cco9xKpj.s:460    .text.Os_Handler:00000000 $t
C:\Users\jisu8\AppData\Local\Temp\cco9xKpj.s:466    .text.Os_Handler:00000000 Os_Handler
C:\Users\jisu8\AppData\Local\Temp\cco9xKpj.s:533    .text.Os_Handler:00000040 $d
C:\Users\jisu8\AppData\Local\Temp\cco9xKpj.s:540    .text.Os_Handler_1ms:00000000 $t
C:\Users\jisu8\AppData\Local\Temp\cco9xKpj.s:546    .text.Os_Handler_1ms:00000000 Os_Handler_1ms
C:\Users\jisu8\AppData\Local\Temp\cco9xKpj.s:623    .text.Os_Handler_1ms:00000048 $d
C:\Users\jisu8\AppData\Local\Temp\cco9xKpj.s:629    .text.Os_Handler_10ms:00000000 $t
C:\Users\jisu8\AppData\Local\Temp\cco9xKpj.s:635    .text.Os_Handler_10ms:00000000 Os_Handler_10ms
C:\Users\jisu8\AppData\Local\Temp\cco9xKpj.s:688    .text.Os_Handler_10ms:0000002c $d
C:\Users\jisu8\AppData\Local\Temp\cco9xKpj.s:694    .text.HAL_TIM_PeriodElapsedCallback:00000000 $t
C:\Users\jisu8\AppData\Local\Temp\cco9xKpj.s:700    .text.HAL_TIM_PeriodElapsedCallback:00000000 HAL_TIM_PeriodElapsedCallback
C:\Users\jisu8\AppData\Local\Temp\cco9xKpj.s:751    .text.HAL_TIM_PeriodElapsedCallback:00000024 $d
C:\Users\jisu8\AppData\Local\Temp\cco9xKpj.s:762    .bss.Os_Var:00000000 Os_Var
C:\Users\jisu8\AppData\Local\Temp\cco9xKpj.s:758    .bss.Os_Var:00000000 $d

UNDEFINED SYMBOLS
__aeabi_uidivmod
